This is pdfTeX, Version 3.14159265-2.6-1.40.20 (TeX Live 2019) (preloaded format=pdflatex 2020.3.4)  4 MAR 2020 17:09
entering extended mode
 restricted \write18 enabled.
 %&-line parsing enabled.
**c70gbsn.fd
(/home/zhou3594/.tl2019/texmf-dist/tex/latex/cjk/texinput/UTF8/c70gbsn.fd
LaTeX2e <2020-02-02> patch level 5
L3 programming layer <2020-02-25>
File: c70gbsn.fd 2015/04/18 4.8.4


! LaTeX Error: Encoding scheme `C70' unknown.

See the LaTeX manual or LaTeX Companion for explanation.
Type  H <return>  for immediate help.
 ...                                              
                                                  
l.16 ...tFamily{C70}{gbsn}{\hyphenchar \font\m@ne}
                                                  
? 

! LaTeX Error: Font family `C70+gbsn' unknown.

See the LaTeX manual or LaTeX Companion for explanation.
Type  H <return>  for immediate help.
 ...                                              
                                                  
l.18 ...}{gbsn}{m}{n}{<-> CJK * gbsnu}{\CJKnormal}
                                                  
? 

! LaTeX Error: Font family `C70+gbsn' unknown.

See the LaTeX manual or LaTeX Companion for explanation.
Type  H <return>  for immediate help.
 ...                                              
                                                  
l.19 ...}{gbsn}{bx}{n}{<-> CJKb * gbsnu}{\CJKbold}
                                                  
? 
)
*
(Please type a command or say `\end')
*
(Please type a command or say `\end')
*
(Please type a command or say `\end')
*
(Please type a command or say `\end')
*
(Please type a command or say `\end')
*
(Please type a command or say `\end')
*
(Please type a command or say `\end')
*
(Please type a command or say `\end')
*
(Please type a command or say `\end')
*
(Please type a command or say `\end')
*
(Please type a command or say `\end')
*
(Please type a command or say `\end')
*
(Please type a command or say `\end')
*\end

*\end
! TeX capacity exceeded, sorry [input stack size=5000].
<to be read again> 
                   \expandafter 
<*> \end
        
If you really absolutely need more capacity,
you can ask a wizard to enlarge me.

 
Here is how much of TeX's memory you used:
 23 strings out of 482938
 621 string characters out of 5960160
 232825 words of memory out of 5000000
 15384 multiletter control sequences out of 15000+600000
 532338 words of font info for 24 fonts, out of 8000000 for 9000
 14 hyphenation exceptions out of 8191
 5000i,0n,4996p,90b,22s stack positions out of 5000i,500n,10000p,200000b,80000s
!  ==> Fatal error occurred, no output PDF file produced!
